INFO 2024-02-20 14:51:20,057 Starting Script.
INFO 2024-02-20 14:51:33,997 Starting changing column names...
INFO 2024-02-20 14:51:33,998 Done with changing column names...
INFO 2024-02-20 14:51:33,998 Starting date transformations...
INFO 2024-02-20 14:51:34,885 Done with date transformations...
INFO 2024-02-20 14:51:34,885 Starting other transformations...
INFO 2024-02-20 14:51:34,950 done with other transformations...
INFO 2024-02-20 14:51:34,957 (37561, 17)
INFO 2024-02-20 14:51:34,958 Index(['ID', 'NAME', 'CREATED_BY', 'JOB_ID', 'COMPANY_NAME', 'REJECTION_NOTES',
       'REJECTION_REASON', 'ATS_STAGE_STATUS', 'CANDIDATE_OWNER', 'CANDIDATE',
       'SUBMITTED_BY', 'NUMBER_OF_DAYS_IN_STAGE', 'STAGE',
       'STAGE_START_DATE_DT', 'STAGE_END_DATE_DT', 'CREATED_DATE_DT',
       'CREATED_DATE_TS'],
      dtype='object')
INFO 2024-02-20 14:51:34,958 Successfully pulled Submittals from API: (37561, 17)
INFO 2024-02-20 14:52:05,247 Submittals update completed successfully
INFO 2024-02-20 14:58:31,483 Starting Script.
INFO 2024-02-20 14:58:40,461 Starting changing column names...
INFO 2024-02-20 14:58:40,462 Done with changing column names...
INFO 2024-02-20 14:58:40,462 Starting date transformations...
INFO 2024-02-20 14:58:41,357 Done with date transformations...
INFO 2024-02-20 14:58:41,358 Starting other transformations...
INFO 2024-02-20 14:58:41,424 done with other transformations...
INFO 2024-02-20 14:58:41,431 (37561, 17)
INFO 2024-02-20 14:58:41,432 Index(['ID', 'NAME', 'CREATED_BY', 'JOB_ID', 'COMPANY_NAME', 'REJECTION_NOTES',
       'REJECTION_REASON', 'ATS_STAGE_STATUS', 'CANDIDATE_OWNER', 'CANDIDATE',
       'SUBMITTED_BY', 'NUMBER_OF_DAYS_IN_STAGE', 'STAGE',
       'STAGE_START_DATE_DT', 'STAGE_END_DATE_DT', 'CREATED_DATE_DT',
       'CREATED_DATE_TS'],
      dtype='object')
INFO 2024-02-20 14:58:41,432 Successfully pulled Submittals from API: (37561, 17)
INFO 2024-02-20 14:59:10,859 Submittals update completed successfully
INFO 2024-02-21 08:04:01,858 Starting Script.
INFO 2024-02-21 08:04:10,525 Starting changing column names...
INFO 2024-02-21 08:04:10,526 Done with changing column names...
INFO 2024-02-21 08:04:10,526 Starting date transformations...
INFO 2024-02-21 08:04:11,432 Done with date transformations...
INFO 2024-02-21 08:04:11,432 Starting other transformations...
INFO 2024-02-21 08:04:11,501 done with other transformations...
INFO 2024-02-21 08:04:11,508 (37639, 17)
INFO 2024-02-21 08:04:11,508 Index(['ID', 'NAME', 'CREATED_BY', 'JOB_ID', 'COMPANY_NAME', 'REJECTION_NOTES',
       'REJECTION_REASON', 'ATS_STAGE_STATUS', 'CANDIDATE_OWNER', 'CANDIDATE',
       'SUBMITTED_BY', 'NUMBER_OF_DAYS_IN_STAGE', 'STAGE',
       'STAGE_START_DATE_DT', 'STAGE_END_DATE_DT', 'CREATED_DATE_DT',
       'CREATED_DATE_TS'],
      dtype='object')
INFO 2024-02-21 08:04:11,509 Successfully pulled Submittals from API: (37639, 17)
INFO 2024-02-21 08:04:41,278 Submittals update completed successfully
INFO 2024-02-22 08:04:02,462 Starting Script.
INFO 2024-02-22 08:04:16,523 Starting changing column names...
INFO 2024-02-22 08:04:16,524 Done with changing column names...
INFO 2024-02-22 08:04:16,524 Starting date transformations...
INFO 2024-02-22 08:04:17,469 Done with date transformations...
INFO 2024-02-22 08:04:17,469 Starting other transformations...
INFO 2024-02-22 08:04:17,539 done with other transformations...
INFO 2024-02-22 08:04:17,547 (37747, 17)
INFO 2024-02-22 08:04:17,547 Index(['ID', 'NAME', 'CREATED_BY', 'JOB_ID', 'COMPANY_NAME', 'REJECTION_NOTES',
       'REJECTION_REASON', 'ATS_STAGE_STATUS', 'CANDIDATE_OWNER', 'CANDIDATE',
       'SUBMITTED_BY', 'NUMBER_OF_DAYS_IN_STAGE', 'STAGE',
       'STAGE_START_DATE_DT', 'STAGE_END_DATE_DT', 'CREATED_DATE_DT',
       'CREATED_DATE_TS'],
      dtype='object')
INFO 2024-02-22 08:04:17,548 Successfully pulled Submittals from API: (37747, 17)
INFO 2024-02-22 08:04:48,604 Submittals update completed successfully
INFO 2024-02-23 08:04:01,753 Starting Script.
INFO 2024-02-23 08:04:15,774 Starting changing column names...
INFO 2024-02-23 08:04:15,775 Done with changing column names...
INFO 2024-02-23 08:04:15,775 Starting date transformations...
INFO 2024-02-23 08:04:16,718 Done with date transformations...
INFO 2024-02-23 08:04:16,719 Starting other transformations...
INFO 2024-02-23 08:04:16,791 done with other transformations...
INFO 2024-02-23 08:04:16,799 (37808, 17)
INFO 2024-02-23 08:04:16,799 Index(['ID', 'NAME', 'CREATED_BY', 'JOB_ID', 'COMPANY_NAME', 'REJECTION_NOTES',
       'REJECTION_REASON', 'ATS_STAGE_STATUS', 'CANDIDATE_OWNER', 'CANDIDATE',
       'SUBMITTED_BY', 'NUMBER_OF_DAYS_IN_STAGE', 'STAGE',
       'STAGE_START_DATE_DT', 'STAGE_END_DATE_DT', 'CREATED_DATE_DT',
       'CREATED_DATE_TS'],
      dtype='object')
INFO 2024-02-23 08:04:16,800 Successfully pulled Submittals from API: (37808, 17)
INFO 2024-02-23 08:04:46,705 Submittals update completed successfully
INFO 2024-02-24 08:04:02,466 Starting Script.
INFO 2024-02-24 08:04:15,934 Starting changing column names...
INFO 2024-02-24 08:04:15,934 Done with changing column names...
INFO 2024-02-24 08:04:15,934 Starting date transformations...
INFO 2024-02-24 08:04:16,860 Done with date transformations...
INFO 2024-02-24 08:04:16,860 Starting other transformations...
INFO 2024-02-24 08:04:16,928 done with other transformations...
INFO 2024-02-24 08:04:16,936 (37859, 17)
INFO 2024-02-24 08:04:16,937 Index(['ID', 'NAME', 'CREATED_BY', 'JOB_ID', 'COMPANY_NAME', 'REJECTION_NOTES',
       'REJECTION_REASON', 'ATS_STAGE_STATUS', 'CANDIDATE_OWNER', 'CANDIDATE',
       'SUBMITTED_BY', 'NUMBER_OF_DAYS_IN_STAGE', 'STAGE',
       'STAGE_START_DATE_DT', 'STAGE_END_DATE_DT', 'CREATED_DATE_DT',
       'CREATED_DATE_TS'],
      dtype='object')
INFO 2024-02-24 08:04:16,937 Successfully pulled Submittals from API: (37859, 17)
INFO 2024-02-24 08:04:48,337 Submittals update completed successfully
INFO 2024-02-25 08:04:01,963 Starting Script.
INFO 2024-02-25 08:04:15,672 Starting changing column names...
INFO 2024-02-25 08:04:15,672 Done with changing column names...
INFO 2024-02-25 08:04:15,673 Starting date transformations...
INFO 2024-02-25 08:04:16,570 Done with date transformations...
INFO 2024-02-25 08:04:16,570 Starting other transformations...
INFO 2024-02-25 08:04:16,638 done with other transformations...
INFO 2024-02-25 08:04:16,646 (37864, 17)
INFO 2024-02-25 08:04:16,646 Index(['ID', 'NAME', 'CREATED_BY', 'JOB_ID', 'COMPANY_NAME', 'REJECTION_NOTES',
       'REJECTION_REASON', 'ATS_STAGE_STATUS', 'CANDIDATE_OWNER', 'CANDIDATE',
       'SUBMITTED_BY', 'NUMBER_OF_DAYS_IN_STAGE', 'STAGE',
       'STAGE_START_DATE_DT', 'STAGE_END_DATE_DT', 'CREATED_DATE_DT',
       'CREATED_DATE_TS'],
      dtype='object')
INFO 2024-02-25 08:04:16,646 Successfully pulled Submittals from API: (37864, 17)
INFO 2024-02-25 08:05:01,605 Submittals update completed successfully
INFO 2024-02-26 08:04:02,159 Starting Script.
INFO 2024-02-26 08:04:15,612 Starting changing column names...
INFO 2024-02-26 08:04:15,613 Done with changing column names...
INFO 2024-02-26 08:04:15,613 Starting date transformations...
INFO 2024-02-26 08:04:16,522 Done with date transformations...
INFO 2024-02-26 08:04:16,522 Starting other transformations...
INFO 2024-02-26 08:04:16,587 done with other transformations...
INFO 2024-02-26 08:04:16,594 (37908, 17)
INFO 2024-02-26 08:04:16,594 Index(['ID', 'NAME', 'CREATED_BY', 'JOB_ID', 'COMPANY_NAME', 'REJECTION_NOTES',
       'REJECTION_REASON', 'ATS_STAGE_STATUS', 'CANDIDATE_OWNER', 'CANDIDATE',
       'SUBMITTED_BY', 'NUMBER_OF_DAYS_IN_STAGE', 'STAGE',
       'STAGE_START_DATE_DT', 'STAGE_END_DATE_DT', 'CREATED_DATE_DT',
       'CREATED_DATE_TS'],
      dtype='object')
INFO 2024-02-26 08:04:16,594 Successfully pulled Submittals from API: (37908, 17)
WARNING 2024-02-26 08:04:49,879 Submittals update to SQL Server did not work
WARNING 2024-02-26 08:04:49,880 (pyodbc.ProgrammingError) ('42000', "[42000] [Microsoft][ODBC Driver 18 for SQL Server][SQL Server]The database 'KinetixSQL' has reached its size quota. Partition or delete data, drop indexes, or consult the documentation for possible resolutions. (40544) (SQLExecDirectW)")
[SQL: INSERT INTO dw2_submittals ([ID], [NAME], [CREATED_BY], [JOB_ID], [COMPANY_NAME], [REJECTION_NOTES], [REJECTION_REASON], [ATS_STAGE_STATUS], [CANDIDATE_OWNER], [CANDIDATE], [SUBMITTED_BY], [NUMBER_OF_DAYS_IN_STAGE], [STAGE], [STAGE_START_DATE_DT], [S ... 6481 characters truncated ... ?, ?, ?, ?, ?, ?, ?, ?, ?, ?, ?, ?, ?, ?, ?, ?), (?, ?, ?, ?, ?, ?, ?, ?, ?, ?, ?, ?, ?, ?, ?, ?, ?)]
[parameters: ('a0t6R00000BFuV3QAL', 'SUB-09202023-701069', '00537000000xKhjAAE', 'a0W6R00000Ru2pUUAR', 'Texas Childrens Hospital', '', '', 'Rejected', '00537000000xKhjAAE', '0036R00003vmKmLQAU', '00537000000xKhjAAE', 27.0, 'Submittal', '2023-09-19', '2023-10-16', '2023-09-19', '2023-09-19 20:00:00', 'a0t6R00000BFuV4QAL', 'SUB-09202023-701070', '00537000000xKhjAAE', 'a0W6R00000Ru2CsUAJ', 'Texas Childrens Hospital', '', '', 'Current', '00537000000xKhjAAE', '0036R00003vmKmLQAU', '00537000000xKhjAAE', 159.0, 'Submittal', '2023-09-19', '', '2023-09-19', '2023-09-19 20:00:00', 'a0t6R00000BFuV5QAL', 'SUB-09202023-701071', '00537000000xKhjAAE', 'a0W6R00000S6ljMUAR', 'Texas Childrens Hospital', '', '', 'Current', '00537000000xKhjAAE', '0036R00003vmKmLQAU', '00537000000xKhjAAE', 159.0, 'Submittal', '2023-09-19', '', '2023-09-19' ... 1991 parameters truncated ... 'SUB-09212023-701190', '0056R00000C1djkQAB', 'a0W6R00000QXwDqUAL', 'Lee Memorial Health System', '', '', 'Current', '0056R00000C1djkQAB', '0033700000oKymRAAS', '0056R00000C1djkQAB', 158.0, 'Submittal', '2023-09-20', '', '2023-09-20', '2023-09-20 20:00:00', 'a0t6R00000BFugtQAD', 'SUB-09212023-701191', '00537000004wEaxAAE', 'a0W6R00000S6mp3UAB', 'Texas Childrens Hospital', '', 'Candidate - Accepted Another Position', 'Rejected', '0056R00000BAXfYQAX', '0036R00003vjWGEQA2', '00537000004wEaxAAE', 7.0, 'Submittal', '2023-09-20', '2023-09-27', '2023-09-20', '2023-09-20 20:00:00', 'a0t6R00000BFugyQAD', 'SUB-09212023-701192', '00537000004wEaxAAE', 'a0W6R00000S6nJrUAJ', 'Texas Childrens Hospital', '', '', 'Accepted', '00537000004wEaxAAE', '0036R00003vmZkJQAU', '00537000004wEaxAAE', 6.0, 'Interview', '2023-09-20', '2023-09-26', '2023-09-20', '2023-09-20 20:00:00')]
(Background on this error at: https://sqlalche.me/e/20/f405)
INFO 2024-02-27 08:04:02,374 Starting Script.
INFO 2024-02-27 08:04:16,234 Starting changing column names...
INFO 2024-02-27 08:04:16,235 Done with changing column names...
INFO 2024-02-27 08:04:16,235 Starting date transformations...
INFO 2024-02-27 08:04:17,158 Done with date transformations...
INFO 2024-02-27 08:04:17,159 Starting other transformations...
INFO 2024-02-27 08:04:17,232 done with other transformations...
INFO 2024-02-27 08:04:17,241 (37992, 17)
INFO 2024-02-27 08:04:17,241 Index(['ID', 'NAME', 'CREATED_BY', 'JOB_ID', 'COMPANY_NAME', 'REJECTION_NOTES',
       'REJECTION_REASON', 'ATS_STAGE_STATUS', 'CANDIDATE_OWNER', 'CANDIDATE',
       'SUBMITTED_BY', 'NUMBER_OF_DAYS_IN_STAGE', 'STAGE',
       'STAGE_START_DATE_DT', 'STAGE_END_DATE_DT', 'CREATED_DATE_DT',
       'CREATED_DATE_TS'],
      dtype='object')
INFO 2024-02-27 08:04:17,241 Successfully pulled Submittals from API: (37992, 17)
WARNING 2024-02-27 08:04:27,405 Submittals update to SQL Server did not work
WARNING 2024-02-27 08:04:27,405 (pyodbc.ProgrammingError) ('42000', "[42000] [Microsoft][ODBC Driver 18 for SQL Server][SQL Server]The database 'KinetixSQL' has reached its size quota. Partition or delete data, drop indexes, or consult the documentation for possible resolutions. (40544) (SQLExecDirectW)")
[SQL: INSERT INTO dw2_submittals ([ID], [NAME], [CREATED_BY], [JOB_ID], [COMPANY_NAME], [REJECTION_NOTES], [REJECTION_REASON], [ATS_STAGE_STATUS], [CANDIDATE_OWNER], [CANDIDATE], [SUBMITTED_BY], [NUMBER_OF_DAYS_IN_STAGE], [STAGE], [STAGE_START_DATE_DT], [S ... 6481 characters truncated ... ?, ?, ?, ?, ?, ?, ?, ?, ?, ?, ?, ?, ?, ?, ?, ?), (?, ?, ?, ?, ?, ?, ?, ?, ?, ?, ?, ?, ?, ?, ?, ?, ?)]
[parameters: ('a0t6R00000AMxlCQAT', 'SUB-04262023-686789', '00537000000xKhjAAE', 'a0W6R00000QXtSTUA1', 'Texas Childrens Hospital', 'HIRED INTO OTHER REQ', '', 'Rejected', '00537000000xKhjAAE', '0036R00003qRYXrQAO', '00537000000xKhjAAE', 34.0, 'Submittal', '2023-04-25', '2023-05-29', '2023-04-25', '2023-04-25 20:00:00', 'a0t6R00000AMxlDQAT', 'SUB-04262023-686790', '00537000000xKhjAAE', 'a0W6R00000RyS2IUAV', 'Texas Childrens Hospital', 'HIRED INTO OTHER REQ', '', 'Rejected', '00537000000xKhjAAE', '0036R00003qRYXrQAO', '00537000000xKhjAAE', 34.0, 'Submittal', '2023-04-25', '2023-05-29', '2023-04-25', '2023-04-25 20:00:00', 'a0t6R00000AMxlGQAT', 'SUB-04262023-686791', '0051G000007c7JyQAI', 'a0W6R00000RCAS2UAP', 'Texas Childrens Hospital', '', '', 'Accepted', '00537000000xKidAAE', '0031G00001JKqUbQAL', '0051G000007c7JyQAI', 1.0, 'Interview', '2023-04-25', '2023-04-25', '2023-04-25' ... 1991 parameters truncated ... 'SUB-04272023-686909', '0051G000007c7JUQAY', 'a0W6R00000QXqjbUAD', 'Texas Childrens Hospital', '', '', 'Accepted', '0051G000007c7JUQAY', '0033700000oLK3wAAG', '0051G000007c7JUQAY', 1.0, 'Placement', '2023-04-26', '2023-04-27', '2023-04-26', '2023-04-26 20:00:00', 'a0t6R00000AMxuwQAD', 'SUB-04272023-686910', '00537000004wEakAAE', 'a0W6R00000QXu3XUAT', 'Texas Childrens Hospital', 'took another job', '', 'Rejected', '00537000004wEakAAE', '0036R00003qWt4YQAS', '00537000004wEakAAE', 29.0, 'Submittal', '2023-04-26', '2023-05-25', '2023-04-26', '2023-04-26 20:00:00', 'a0t6R00000AMxv1QAD', 'SUB-04272023-686911', '0056R00000B9MmRQAV', 'a0W6R00000QXtMfUAL', 'Landis+Gyr', '', '', 'Accepted', '0056R00000B9MmRQAV', '0036R00003qXlvoQAC', '0056R00000B9MmRQAV', 6.0, 'Placement', '2023-04-26', '2023-05-02', '2023-04-26', '2023-04-26 20:00:00')]
(Background on this error at: https://sqlalche.me/e/20/f405)
INFO 2024-02-28 08:04:02,181 Starting Script.
INFO 2024-02-28 08:04:16,166 Starting changing column names...
INFO 2024-02-28 08:04:16,166 Done with changing column names...
INFO 2024-02-28 08:04:16,166 Starting date transformations...
INFO 2024-02-28 08:04:17,072 Done with date transformations...
INFO 2024-02-28 08:04:17,072 Starting other transformations...
INFO 2024-02-28 08:04:17,139 done with other transformations...
INFO 2024-02-28 08:04:17,145 (38034, 17)
INFO 2024-02-28 08:04:17,146 Index(['ID', 'NAME', 'CREATED_BY', 'JOB_ID', 'COMPANY_NAME', 'REJECTION_NOTES',
       'REJECTION_REASON', 'ATS_STAGE_STATUS', 'CANDIDATE_OWNER', 'CANDIDATE',
       'SUBMITTED_BY', 'NUMBER_OF_DAYS_IN_STAGE', 'STAGE',
       'STAGE_START_DATE_DT', 'STAGE_END_DATE_DT', 'CREATED_DATE_DT',
       'CREATED_DATE_TS'],
      dtype='object')
INFO 2024-02-28 08:04:17,146 Successfully pulled Submittals from API: (38034, 17)
WARNING 2024-02-28 08:04:42,383 Submittals update to SQL Server did not work
WARNING 2024-02-28 08:04:42,384 (pyodbc.ProgrammingError) ('42000', "[42000] [Microsoft][ODBC Driver 18 for SQL Server][SQL Server]The database 'KinetixSQL' has reached its size quota. Partition or delete data, drop indexes, or consult the documentation for possible resolutions. (40544) (SQLExecDirectW)")
[SQL: INSERT INTO dw2_submittals ([ID], [NAME], [CREATED_BY], [JOB_ID], [COMPANY_NAME], [REJECTION_NOTES], [REJECTION_REASON], [ATS_STAGE_STATUS], [CANDIDATE_OWNER], [CANDIDATE], [SUBMITTED_BY], [NUMBER_OF_DAYS_IN_STAGE], [STAGE], [STAGE_START_DATE_DT], [S ... 6481 characters truncated ... ?, ?, ?, ?, ?, ?, ?, ?, ?, ?, ?, ?, ?, ?, ?, ?), (?, ?, ?, ?, ?, ?, ?, ?, ?, ?, ?, ?, ?, ?, ?, ?, ?)]
[parameters: ('a0t6R00000AWn9yQAD', 'SUB-06062023-690990', '0051G000007c7JUQAY', 'a0W6R00000QXx9iUAD', 'Texas Childrens Hospital', '', '', 'Accepted', '0051G000007c7JUQAY', '0031G00001IZLg6QAH', '0051G000007c7JUQAY', 43.0, 'Placement', '2023-06-05', '2023-07-18', '2023-06-05', '2023-06-05 20:00:00', 'a0t6R00000AWnA3QAL', 'SUB-06062023-690991', '00537000004wEakAAE', 'a0W6R00000Ru12rUAB', 'Texas Childrens Hospital', '', '', 'Accepted', '00537000004wEakAAE', '0031G00001HwkibQAB', '00537000004wEakAAE', 45.0, 'Interview', '2023-06-05', '2023-07-20', '2023-06-05', '2023-06-05 20:00:00', 'a0t6R00000AWnA8QAL', 'SUB-06062023-690992', '00537000004wEakAAE', 'a0W6R00000Ru12rUAB', 'Texas Childrens Hospital', '', '', 'Accepted', '00537000000QBtlAAG', '0031G00001DHHHPQA5', '00537000004wEakAAE', 1.0, 'Interview', '2023-06-05', '2023-06-05', '2023-06-05' ... 1991 parameters truncated ... 'SUB-06072023-691112', '0051G000007lfSJQAY', 'a0W6R00000QXtitUAD', 'Texas Childrens Hospital', '', '', 'Current', '0051G000007c7JUQAY', '0033700000oM3EpAAK', '0051G000007lfSJQAY', 266.0, 'Submittal', '2023-06-06', '', '2023-06-06', '2023-06-06 20:00:00', 'a0t6R00000AWnIjQAL', 'SUB-06072023-691113', '0051G000007lfSJQAY', 'a0W6R00000QXtitUAD', 'Texas Childrens Hospital', '', '', 'Current', '0056R00000ChSiLQAV', '0036R00003nipjYQAQ', '0051G000007lfSJQAY', 266.0, 'Submittal', '2023-06-06', '', '2023-06-06', '2023-06-06 20:00:00', 'a0t6R00000AWnIoQAL', 'SUB-06072023-691114', '00537000000xKhjAAE', 'a0W6R00000QXtSTUA1', 'Texas Childrens Hospital', '', '', 'Current', '00537000000xKhjAAE', '0036R00003qvaZ7QAI', '00537000000xKhjAAE', 266.0, 'Submittal', '2023-06-06', '', '2023-06-06', '2023-06-06 20:00:00')]
(Background on this error at: https://sqlalche.me/e/20/f405)
INFO 2024-02-29 08:04:02,341 Starting Script.
INFO 2024-02-29 08:04:16,184 Starting changing column names...
INFO 2024-02-29 08:04:16,184 Done with changing column names...
INFO 2024-02-29 08:04:16,184 Starting date transformations...
INFO 2024-02-29 08:04:17,047 Done with date transformations...
INFO 2024-02-29 08:04:17,048 Starting other transformations...
INFO 2024-02-29 08:04:17,120 done with other transformations...
INFO 2024-02-29 08:04:17,127 (38057, 17)
INFO 2024-02-29 08:04:17,127 Index(['ID', 'NAME', 'CREATED_BY', 'JOB_ID', 'COMPANY_NAME', 'REJECTION_NOTES',
       'REJECTION_REASON', 'ATS_STAGE_STATUS', 'CANDIDATE_OWNER', 'CANDIDATE',
       'SUBMITTED_BY', 'NUMBER_OF_DAYS_IN_STAGE', 'STAGE',
       'STAGE_START_DATE_DT', 'STAGE_END_DATE_DT', 'CREATED_DATE_DT',
       'CREATED_DATE_TS'],
      dtype='object')
INFO 2024-02-29 08:04:17,128 Successfully pulled Submittals from API: (38057, 17)
WARNING 2024-02-29 08:04:29,032 Submittals update to SQL Server did not work
WARNING 2024-02-29 08:04:29,033 (pyodbc.ProgrammingError) ('42000', "[42000] [Microsoft][ODBC Driver 18 for SQL Server][SQL Server]The database 'KinetixSQL' has reached its size quota. Partition or delete data, drop indexes, or consult the documentation for possible resolutions. (40544) (SQLExecDirectW)")
[SQL: INSERT INTO dw2_submittals ([ID], [NAME], [CREATED_BY], [JOB_ID], [COMPANY_NAME], [REJECTION_NOTES], [REJECTION_REASON], [ATS_STAGE_STATUS], [CANDIDATE_OWNER], [CANDIDATE], [SUBMITTED_BY], [NUMBER_OF_DAYS_IN_STAGE], [STAGE], [STAGE_START_DATE_DT], [S ... 6481 characters truncated ... ?, ?, ?, ?, ?, ?, ?, ?, ?, ?, ?, ?, ?, ?, ?, ?), (?, ?, ?, ?, ?, ?, ?, ?, ?, ?, ?, ?, ?, ?, ?, ?, ?)]
[parameters: ('a0t6R00000AN1yvQAD', 'SUB-05242023-689856', '00537000000xKhjAAE', 'a0W6R00000QXvsLUAT', 'Texas Childrens Hospital', '', '', 'Current', '00537000000xKhjAAE', '0036R00003rdqJOQAY', '00537000000xKhjAAE', 281.0, 'Submittal', '2023-05-23', '', '2023-05-23', '2023-05-23 20:00:00', 'a0t6R00000AN1ywQAD', 'SUB-05242023-689857', '00537000000xKhjAAE', 'a0W6R00000QXtSSUA1', 'Texas Childrens Hospital', '', '', 'Current', '00537000000xKhjAAE', '0036R00003rdqJOQAY', '00537000000xKhjAAE', 281.0, 'Submittal', '2023-05-23', '', '2023-05-23', '2023-05-23 20:00:00', 'a0t6R00000AN1z0QAD', 'SUB-05242023-689858', '0051G000007azQfQAI', 'a0W6R00000QXnetUAD', 'Northeast Georgia Health System', '', 'Candidate - Accepted Another Position', 'Rejected', '0051G000007azQfQAI', '0036R00003tsmZ2QAI', '0051G000007azQfQAI', 1.0, 'Submittal', '2023-05-23', '2023-05-23', '2023-05-23' ... 1991 parameters truncated ... 'SUB-05252023-689978', '0051G000007c7JyQAI', 'a0W6R00000QXuBgUAL', 'Texas Childrens Hospital', '', '', 'Accepted', '0051G000007c7JyQAI', '0031G00000oy19hQAA', '0051G000007c7JyQAI', 1.0, 'Placement', '2023-05-24', '2023-05-24', '2023-05-24', '2023-05-24 20:00:00', 'a0t6R00000AN2EmQAL', 'SUB-05252023-689979', '0056R00000ChSiBQAV', 'a0W6R00000QXuVdUAL', 'Resolution Life', '', '', 'Accepted', '0056R00000ChSiBQAV', '0036R00003rdrm1QAA', '0056R00000ChSiBQAV', 5.0, 'Interview', '2023-05-24', '2023-05-29', '2023-05-24', '2023-05-24 20:00:00', 'a0t6R00000AN2FBQA1', 'SUB-05252023-689981', '0051G000007l7BZQAY', 'a0W1G00000K804HUAR', 'Northeast Georgia Health System', '', '', 'Current', '00537000004wEamAAE', '0031G00000t8YwkQAE', '0051G000007l7BZQAY', 280.0, 'Submittal', '2023-05-24', '', '2023-05-24', '2023-05-24 20:00:00')]
(Background on this error at: https://sqlalche.me/e/20/f405)
INFO 2024-03-01 08:04:01,813 Starting Script.
INFO 2024-03-01 08:04:16,603 Starting changing column names...
INFO 2024-03-01 08:04:16,603 Done with changing column names...
INFO 2024-03-01 08:04:16,603 Starting date transformations...
INFO 2024-03-01 08:04:17,481 Done with date transformations...
INFO 2024-03-01 08:04:17,481 Starting other transformations...
INFO 2024-03-01 08:04:17,559 done with other transformations...
INFO 2024-03-01 08:04:17,567 (38058, 17)
INFO 2024-03-01 08:04:17,567 Index(['ID', 'NAME', 'CREATED_BY', 'JOB_ID', 'COMPANY_NAME', 'REJECTION_NOTES',
       'REJECTION_REASON', 'ATS_STAGE_STATUS', 'CANDIDATE_OWNER', 'CANDIDATE',
       'SUBMITTED_BY', 'NUMBER_OF_DAYS_IN_STAGE', 'STAGE',
       'STAGE_START_DATE_DT', 'STAGE_END_DATE_DT', 'CREATED_DATE_DT',
       'CREATED_DATE_TS'],
      dtype='object')
INFO 2024-03-01 08:04:17,567 Successfully pulled Submittals from API: (38058, 17)
INFO 2024-03-01 08:05:03,199 Submittals update completed successfully
INFO 2024-03-02 08:04:02,325 Starting Script.
INFO 2024-03-02 08:04:22,536 Starting changing column names...
INFO 2024-03-02 08:04:22,536 Done with changing column names...
INFO 2024-03-02 08:04:22,536 Starting date transformations...
INFO 2024-03-02 08:04:23,473 Done with date transformations...
INFO 2024-03-02 08:04:23,473 Starting other transformations...
INFO 2024-03-02 08:04:23,553 done with other transformations...
INFO 2024-03-02 08:04:23,562 (38140, 17)
INFO 2024-03-02 08:04:23,562 Index(['ID', 'NAME', 'CREATED_BY', 'JOB_ID', 'COMPANY_NAME', 'REJECTION_NOTES',
       'REJECTION_REASON', 'ATS_STAGE_STATUS', 'CANDIDATE_OWNER', 'CANDIDATE',
       'SUBMITTED_BY', 'NUMBER_OF_DAYS_IN_STAGE', 'STAGE',
       'STAGE_START_DATE_DT', 'STAGE_END_DATE_DT', 'CREATED_DATE_DT',
       'CREATED_DATE_TS'],
      dtype='object')
INFO 2024-03-02 08:04:23,562 Successfully pulled Submittals from API: (38140, 17)
INFO 2024-03-02 08:05:06,359 Submittals update completed successfully
INFO 2024-03-03 08:04:02,411 Starting Script.
INFO 2024-03-03 08:04:22,687 Starting changing column names...
INFO 2024-03-03 08:04:22,687 Done with changing column names...
INFO 2024-03-03 08:04:22,687 Starting date transformations...
INFO 2024-03-03 08:04:23,595 Done with date transformations...
INFO 2024-03-03 08:04:23,595 Starting other transformations...
INFO 2024-03-03 08:04:23,672 done with other transformations...
INFO 2024-03-03 08:04:23,681 (38146, 17)
INFO 2024-03-03 08:04:23,681 Index(['ID', 'NAME', 'CREATED_BY', 'JOB_ID', 'COMPANY_NAME', 'REJECTION_NOTES',
       'REJECTION_REASON', 'ATS_STAGE_STATUS', 'CANDIDATE_OWNER', 'CANDIDATE',
       'SUBMITTED_BY', 'NUMBER_OF_DAYS_IN_STAGE', 'STAGE',
       'STAGE_START_DATE_DT', 'STAGE_END_DATE_DT', 'CREATED_DATE_DT',
       'CREATED_DATE_TS'],
      dtype='object')
INFO 2024-03-03 08:04:23,681 Successfully pulled Submittals from API: (38146, 17)
INFO 2024-03-03 08:04:53,351 Submittals update completed successfully
INFO 2024-03-04 08:04:01,748 Starting Script.
INFO 2024-03-04 08:04:16,899 Starting changing column names...
INFO 2024-03-04 08:04:16,900 Done with changing column names...
INFO 2024-03-04 08:04:16,900 Starting date transformations...
INFO 2024-03-04 08:04:17,785 Done with date transformations...
INFO 2024-03-04 08:04:17,785 Starting other transformations...
INFO 2024-03-04 08:04:17,860 done with other transformations...
INFO 2024-03-04 08:04:17,868 (38176, 17)
INFO 2024-03-04 08:04:17,868 Index(['ID', 'NAME', 'CREATED_BY', 'JOB_ID', 'COMPANY_NAME', 'REJECTION_NOTES',
       'REJECTION_REASON', 'ATS_STAGE_STATUS', 'CANDIDATE_OWNER', 'CANDIDATE',
       'SUBMITTED_BY', 'NUMBER_OF_DAYS_IN_STAGE', 'STAGE',
       'STAGE_START_DATE_DT', 'STAGE_END_DATE_DT', 'CREATED_DATE_DT',
       'CREATED_DATE_TS'],
      dtype='object')
INFO 2024-03-04 08:04:17,869 Successfully pulled Submittals from API: (38176, 17)
INFO 2024-03-04 08:04:49,044 Submittals update completed successfully
INFO 2024-03-05 08:04:02,135 Starting Script.
INFO 2024-03-05 08:04:17,071 Starting changing column names...
INFO 2024-03-05 08:04:17,071 Done with changing column names...
INFO 2024-03-05 08:04:17,071 Starting date transformations...
INFO 2024-03-05 08:04:18,022 Done with date transformations...
INFO 2024-03-05 08:04:18,023 Starting other transformations...
INFO 2024-03-05 08:04:18,097 done with other transformations...
INFO 2024-03-05 08:04:18,105 (38299, 17)
INFO 2024-03-05 08:04:18,106 Index(['ID', 'NAME', 'CREATED_BY', 'JOB_ID', 'COMPANY_NAME', 'REJECTION_NOTES',
       'REJECTION_REASON', 'ATS_STAGE_STATUS', 'CANDIDATE_OWNER', 'CANDIDATE',
       'SUBMITTED_BY', 'NUMBER_OF_DAYS_IN_STAGE', 'STAGE',
       'STAGE_START_DATE_DT', 'STAGE_END_DATE_DT', 'CREATED_DATE_DT',
       'CREATED_DATE_TS'],
      dtype='object')
INFO 2024-03-05 08:04:18,106 Successfully pulled Submittals from API: (38299, 17)
INFO 2024-03-05 08:04:48,060 Submittals update completed successfully
INFO 2024-03-06 08:04:01,990 Starting Script.
INFO 2024-03-06 08:04:17,178 Starting changing column names...
INFO 2024-03-06 08:04:17,178 Done with changing column names...
INFO 2024-03-06 08:04:17,178 Starting date transformations...
INFO 2024-03-06 08:04:18,101 Done with date transformations...
INFO 2024-03-06 08:04:18,101 Starting other transformations...
INFO 2024-03-06 08:04:18,171 done with other transformations...
INFO 2024-03-06 08:04:18,179 (38414, 17)
INFO 2024-03-06 08:04:18,179 Index(['ID', 'NAME', 'CREATED_BY', 'JOB_ID', 'COMPANY_NAME', 'REJECTION_NOTES',
       'REJECTION_REASON', 'ATS_STAGE_STATUS', 'CANDIDATE_OWNER', 'CANDIDATE',
       'SUBMITTED_BY', 'NUMBER_OF_DAYS_IN_STAGE', 'STAGE',
       'STAGE_START_DATE_DT', 'STAGE_END_DATE_DT', 'CREATED_DATE_DT',
       'CREATED_DATE_TS'],
      dtype='object')
INFO 2024-03-06 08:04:18,180 Successfully pulled Submittals from API: (38414, 17)
INFO 2024-03-06 08:05:01,309 Submittals update completed successfully
INFO 2024-03-07 08:04:02,442 Starting Script.
INFO 2024-03-07 08:04:12,202 Starting changing column names...
INFO 2024-03-07 08:04:12,203 Done with changing column names...
INFO 2024-03-07 08:04:12,203 Starting date transformations...
INFO 2024-03-07 08:04:13,119 Done with date transformations...
INFO 2024-03-07 08:04:13,119 Starting other transformations...
INFO 2024-03-07 08:04:13,192 done with other transformations...
INFO 2024-03-07 08:04:13,201 (38527, 17)
INFO 2024-03-07 08:04:13,201 Index(['ID', 'NAME', 'CREATED_BY', 'JOB_ID', 'COMPANY_NAME', 'REJECTION_NOTES',
       'REJECTION_REASON', 'ATS_STAGE_STATUS', 'CANDIDATE_OWNER', 'CANDIDATE',
       'SUBMITTED_BY', 'NUMBER_OF_DAYS_IN_STAGE', 'STAGE',
       'STAGE_START_DATE_DT', 'STAGE_END_DATE_DT', 'CREATED_DATE_DT',
       'CREATED_DATE_TS'],
      dtype='object')
INFO 2024-03-07 08:04:13,201 Successfully pulled Submittals from API: (38527, 17)
INFO 2024-03-07 08:04:42,628 Submittals update completed successfully
INFO 2024-03-08 08:04:02,084 Starting Script.
INFO 2024-03-08 08:04:17,387 Starting changing column names...
INFO 2024-03-08 08:04:17,388 Done with changing column names...
INFO 2024-03-08 08:04:17,388 Starting date transformations...
INFO 2024-03-08 08:04:18,305 Done with date transformations...
INFO 2024-03-08 08:04:18,305 Starting other transformations...
INFO 2024-03-08 08:04:18,377 done with other transformations...
INFO 2024-03-08 08:04:18,385 (38613, 17)
INFO 2024-03-08 08:04:18,385 Index(['ID', 'NAME', 'CREATED_BY', 'JOB_ID', 'COMPANY_NAME', 'REJECTION_NOTES',
       'REJECTION_REASON', 'ATS_STAGE_STATUS', 'CANDIDATE_OWNER', 'CANDIDATE',
       'SUBMITTED_BY', 'NUMBER_OF_DAYS_IN_STAGE', 'STAGE',
       'STAGE_START_DATE_DT', 'STAGE_END_DATE_DT', 'CREATED_DATE_DT',
       'CREATED_DATE_TS'],
      dtype='object')
INFO 2024-03-08 08:04:18,385 Successfully pulled Submittals from API: (38613, 17)
INFO 2024-03-08 08:05:04,220 Submittals update completed successfully
INFO 2024-03-09 08:04:01,944 Starting Script.
INFO 2024-03-09 08:04:16,184 Starting changing column names...
INFO 2024-03-09 08:04:16,185 Done with changing column names...
INFO 2024-03-09 08:04:16,185 Starting date transformations...
INFO 2024-03-09 08:04:17,101 Done with date transformations...
INFO 2024-03-09 08:04:17,101 Starting other transformations...
INFO 2024-03-09 08:04:17,167 done with other transformations...
INFO 2024-03-09 08:04:17,175 (38706, 17)
INFO 2024-03-09 08:04:17,175 Index(['ID', 'NAME', 'CREATED_BY', 'JOB_ID', 'COMPANY_NAME', 'REJECTION_NOTES',
       'REJECTION_REASON', 'ATS_STAGE_STATUS', 'CANDIDATE_OWNER', 'CANDIDATE',
       'SUBMITTED_BY', 'NUMBER_OF_DAYS_IN_STAGE', 'STAGE',
       'STAGE_START_DATE_DT', 'STAGE_END_DATE_DT', 'CREATED_DATE_DT',
       'CREATED_DATE_TS'],
      dtype='object')
INFO 2024-03-09 08:04:17,175 Successfully pulled Submittals from API: (38706, 17)
INFO 2024-03-09 08:04:47,687 Submittals update completed successfully
INFO 2024-03-10 08:04:02,438 Starting Script.
INFO 2024-03-10 08:04:17,143 Starting changing column names...
INFO 2024-03-10 08:04:17,143 Done with changing column names...
INFO 2024-03-10 08:04:17,143 Starting date transformations...
INFO 2024-03-10 08:04:18,052 Done with date transformations...
INFO 2024-03-10 08:04:18,052 Starting other transformations...
INFO 2024-03-10 08:04:18,122 done with other transformations...
INFO 2024-03-10 08:04:18,129 (38721, 17)
INFO 2024-03-10 08:04:18,129 Index(['ID', 'NAME', 'CREATED_BY', 'JOB_ID', 'COMPANY_NAME', 'REJECTION_NOTES',
       'REJECTION_REASON', 'ATS_STAGE_STATUS', 'CANDIDATE_OWNER', 'CANDIDATE',
       'SUBMITTED_BY', 'NUMBER_OF_DAYS_IN_STAGE', 'STAGE',
       'STAGE_START_DATE_DT', 'STAGE_END_DATE_DT', 'CREATED_DATE_DT',
       'CREATED_DATE_TS'],
      dtype='object')
INFO 2024-03-10 08:04:18,129 Successfully pulled Submittals from API: (38721, 17)
INFO 2024-03-10 08:04:48,907 Submittals update completed successfully
INFO 2024-03-11 08:04:01,760 Starting Script.
INFO 2024-03-11 08:04:17,141 Starting changing column names...
INFO 2024-03-11 08:04:17,142 Done with changing column names...
INFO 2024-03-11 08:04:17,142 Starting date transformations...
INFO 2024-03-11 08:04:18,045 Done with date transformations...
INFO 2024-03-11 08:04:18,045 Starting other transformations...
INFO 2024-03-11 08:04:18,111 done with other transformations...
INFO 2024-03-11 08:04:18,118 (38748, 17)
INFO 2024-03-11 08:04:18,118 Index(['ID', 'NAME', 'CREATED_BY', 'JOB_ID', 'COMPANY_NAME', 'REJECTION_NOTES',
       'REJECTION_REASON', 'ATS_STAGE_STATUS', 'CANDIDATE_OWNER', 'CANDIDATE',
       'SUBMITTED_BY', 'NUMBER_OF_DAYS_IN_STAGE', 'STAGE',
       'STAGE_START_DATE_DT', 'STAGE_END_DATE_DT', 'CREATED_DATE_DT',
       'CREATED_DATE_TS'],
      dtype='object')
INFO 2024-03-11 08:04:18,118 Successfully pulled Submittals from API: (38748, 17)
INFO 2024-03-11 08:04:48,799 Submittals update completed successfully
INFO 2024-03-12 08:04:01,618 Starting Script.
INFO 2024-03-12 08:04:11,191 Starting changing column names...
INFO 2024-03-12 08:04:11,192 Done with changing column names...
INFO 2024-03-12 08:04:11,192 Starting date transformations...
INFO 2024-03-12 08:04:12,161 Done with date transformations...
INFO 2024-03-12 08:04:12,161 Starting other transformations...
INFO 2024-03-12 08:04:12,233 done with other transformations...
INFO 2024-03-12 08:04:12,241 (38863, 17)
INFO 2024-03-12 08:04:12,241 Index(['ID', 'NAME', 'CREATED_BY', 'JOB_ID', 'COMPANY_NAME', 'REJECTION_NOTES',
       'REJECTION_REASON', 'ATS_STAGE_STATUS', 'CANDIDATE_OWNER', 'CANDIDATE',
       'SUBMITTED_BY', 'NUMBER_OF_DAYS_IN_STAGE', 'STAGE',
       'STAGE_START_DATE_DT', 'STAGE_END_DATE_DT', 'CREATED_DATE_DT',
       'CREATED_DATE_TS'],
      dtype='object')
INFO 2024-03-12 08:04:12,241 Successfully pulled Submittals from API: (38863, 17)
INFO 2024-03-12 08:04:44,191 Submittals update completed successfully
