INFO 2024-02-21 08:03:01,860 Starting Script.
INFO 2024-02-21 08:03:01,860 Dates for SOQL update statement ('02/21/2024', '02/20/2024'),('2024-02-21', '2024-02-20')
WARNING 2024-02-21 08:03:04,163 Atribute not in API result.
INFO 2024-02-21 08:03:04,164 Empty DataFrame
Columns: []
Index: []
INFO 2024-02-21 08:03:04,167 Starting changing column names...
INFO 2024-02-21 08:03:04,168 No updated data in user's file.
INFO 2024-02-22 08:03:02,236 Starting Script.
INFO 2024-02-22 08:03:02,237 Dates for SOQL update statement ('02/22/2024', '02/21/2024'),('2024-02-22', '2024-02-21')
INFO 2024-02-22 08:03:04,309    IsActive  Alias  ...           ManagerId          UserRoleId
0      True  cfish  ...  0051G000006Nc21QAC  00E1G000000xrBwUAI
1      True  iacce  ...                None  00E1G000000xpDgUAI

[2 rows x 23 columns]
INFO 2024-02-22 08:03:04,331 Starting changing column names...
INFO 2024-02-22 08:03:04,331 Done with changing column names...
INFO 2024-02-22 08:03:04,331 Starting date transformations...
INFO 2024-02-22 08:03:04,352 Starting Effective Date and End Date transformations
WARNING 2024-02-22 08:03:04,353 Eff and or End date transformations failed.
WARNING 2024-02-22 08:03:04,353 Can only use .dt accessor with datetimelike values
INFO 2024-02-22 08:03:04,353 Done with date transformations...
INFO 2024-02-22 08:03:04,353 Starting other transformations...
INFO 2024-02-22 08:03:04,354 done with other transformations...
INFO 2024-02-22 08:03:04,355 (2, 27)
INFO 2024-02-22 08:03:04,369 Starting to grab users from SQL Server...
INFO 2024-02-22 08:03:04,587 (462, 27)
INFO 2024-02-22 08:03:04,588 Starting Comparison
INFO 2024-02-22 08:03:04,588 ['0051G000007kKw1QAE', '0056R00000DRhbbQAD']
INFO 2024-02-22 08:03:04,588 Is there a difference between two column sets?set()
INFO 2024-02-22 08:03:04,612 NUMBER OF ROWS WITHOUT CHANGES: 0
INFO 2024-02-22 08:03:04,613 AMOUNT OF IDS TO UPDATE: 2
INFO 2024-02-22 08:03:04,613 (2, 27)
INFO 2024-02-22 08:03:04,685 Updated 4 rows.
INFO 2024-02-22 08:03:04,685 Done updating existing users in database
INFO 2024-02-22 08:03:04,685 Adding new and updated records to DB
INFO 2024-02-22 08:03:04,685 ['ACTIVE', 'ALIAS', 'EMAIL', 'LAST_LOGIN_DATE', 'LAST_PASSWORD_CHANGE_DATE', 'LAST_VIEWED_DATE', 'MOBILE_PHONE_NUMBER', 'MONTHLY_POINT_GOAL', 'NAME', 'PAYROLL_NAME', 'PHONE', 'PHOTO', 'PROFILE', 'TITLE', 'FULL_PHOTO', 'USER_ID', 'USER_TYPE', 'USERNAME', 'COMMISSION_ELIGIBLE', 'MANAGER_ID', 'ROLE', 'CREATED_DATE_DT', 'CREATED_DATE_TS', 'LAST_MODIFIED_DATE_DT', 'LAST_MODIFIED_DATE_TS', 'EFFECTIVE_DATE', 'END_DATE']
INFO 2024-02-22 08:03:04,715 Done adding new and updated records to database.
INFO 2024-02-23 08:03:02,668 Starting Script.
INFO 2024-02-23 08:03:02,669 Dates for SOQL update statement ('02/23/2024', '02/22/2024'),('2024-02-23', '2024-02-22')
INFO 2024-02-23 08:03:09,708    IsActive  Alias  ...           ManagerId          UserRoleId
0      True  bgaut  ...  0056R00000EElIlQAL  00E1G000000xpDgUAI

[1 rows x 23 columns]
INFO 2024-02-23 08:03:09,729 Starting changing column names...
INFO 2024-02-23 08:03:09,730 Done with changing column names...
INFO 2024-02-23 08:03:09,730 Starting date transformations...
INFO 2024-02-23 08:03:09,750 Starting Effective Date and End Date transformations
WARNING 2024-02-23 08:03:09,751 Eff and or End date transformations failed.
WARNING 2024-02-23 08:03:09,751 Can only use .dt accessor with datetimelike values
INFO 2024-02-23 08:03:09,751 Done with date transformations...
INFO 2024-02-23 08:03:09,751 Starting other transformations...
INFO 2024-02-23 08:03:09,752 done with other transformations...
INFO 2024-02-23 08:03:09,753 (1, 27)
INFO 2024-02-23 08:03:09,766 Starting to grab users from SQL Server...
INFO 2024-02-23 08:03:09,961 (464, 27)
INFO 2024-02-23 08:03:09,961 Starting Comparison
INFO 2024-02-23 08:03:09,961 ['00537000004wFDNAA2']
INFO 2024-02-23 08:03:09,961 Is there a difference between two column sets?set()
INFO 2024-02-23 08:03:09,980 NUMBER OF ROWS WITHOUT CHANGES: 0
INFO 2024-02-23 08:03:09,980 AMOUNT OF IDS TO UPDATE: 1
INFO 2024-02-23 08:03:09,981 (1, 27)
INFO 2024-02-23 08:03:10,001 Updated 4 rows.
INFO 2024-02-23 08:03:10,001 Done updating existing users in database
INFO 2024-02-23 08:03:10,001 Adding new and updated records to DB
INFO 2024-02-23 08:03:10,001 ['ACTIVE', 'ALIAS', 'EMAIL', 'LAST_LOGIN_DATE', 'LAST_PASSWORD_CHANGE_DATE', 'LAST_VIEWED_DATE', 'MOBILE_PHONE_NUMBER', 'MONTHLY_POINT_GOAL', 'NAME', 'PAYROLL_NAME', 'PHONE', 'PHOTO', 'PROFILE', 'TITLE', 'FULL_PHOTO', 'USER_ID', 'USER_TYPE', 'USERNAME', 'COMMISSION_ELIGIBLE', 'MANAGER_ID', 'ROLE', 'CREATED_DATE_DT', 'CREATED_DATE_TS', 'LAST_MODIFIED_DATE_DT', 'LAST_MODIFIED_DATE_TS', 'EFFECTIVE_DATE', 'END_DATE']
INFO 2024-02-23 08:03:10,038 Done adding new and updated records to database.
INFO 2024-02-24 08:03:02,275 Starting Script.
INFO 2024-02-24 08:03:02,276 Dates for SOQL update statement ('02/24/2024', '02/23/2024'),('2024-02-24', '2024-02-23')
INFO 2024-02-24 08:03:04,388    IsActive  Alias  ...           ManagerId          UserRoleId
0      True  cfish  ...  0051G000006Nc21QAC  00E1G000000xrBwUAI
1      True  iacce  ...                None  00E1G000000xpDgUAI
2      True   AHan  ...  00537000000xKesAAE  00E1G000000xpDvUAI

[3 rows x 23 columns]
INFO 2024-02-24 08:03:04,413 Starting changing column names...
INFO 2024-02-24 08:03:04,413 Done with changing column names...
INFO 2024-02-24 08:03:04,413 Starting date transformations...
INFO 2024-02-24 08:03:04,434 Starting Effective Date and End Date transformations
WARNING 2024-02-24 08:03:04,435 Eff and or End date transformations failed.
WARNING 2024-02-24 08:03:04,435 Can only use .dt accessor with datetimelike values
INFO 2024-02-24 08:03:04,435 Done with date transformations...
INFO 2024-02-24 08:03:04,435 Starting other transformations...
INFO 2024-02-24 08:03:04,436 done with other transformations...
INFO 2024-02-24 08:03:04,437 (3, 27)
INFO 2024-02-24 08:03:04,451 Starting to grab users from SQL Server...
INFO 2024-02-24 08:03:04,554 (465, 27)
INFO 2024-02-24 08:03:04,554 Starting Comparison
INFO 2024-02-24 08:03:04,554 ['0051G000007kKw1QAE', '0056R00000DRhbbQAD', '00537000002zCuIAAU']
INFO 2024-02-24 08:03:04,554 Is there a difference between two column sets?set()
INFO 2024-02-24 08:03:04,590 NUMBER OF ROWS WITHOUT CHANGES: 0
INFO 2024-02-24 08:03:04,590 AMOUNT OF IDS TO UPDATE: 3
INFO 2024-02-24 08:03:04,591 (3, 27)
INFO 2024-02-24 08:03:04,657 Updated 7 rows.
INFO 2024-02-24 08:03:04,657 Done updating existing users in database
INFO 2024-02-24 08:03:04,658 Adding new and updated records to DB
INFO 2024-02-24 08:03:04,658 ['ACTIVE', 'ALIAS', 'EMAIL', 'LAST_LOGIN_DATE', 'LAST_PASSWORD_CHANGE_DATE', 'LAST_VIEWED_DATE', 'MOBILE_PHONE_NUMBER', 'MONTHLY_POINT_GOAL', 'NAME', 'PAYROLL_NAME', 'PHONE', 'PHOTO', 'PROFILE', 'TITLE', 'FULL_PHOTO', 'USER_ID', 'USER_TYPE', 'USERNAME', 'COMMISSION_ELIGIBLE', 'MANAGER_ID', 'ROLE', 'CREATED_DATE_DT', 'CREATED_DATE_TS', 'LAST_MODIFIED_DATE_DT', 'LAST_MODIFIED_DATE_TS', 'EFFECTIVE_DATE', 'END_DATE']
INFO 2024-02-24 08:03:04,747 Done adding new and updated records to database.
INFO 2024-02-25 08:03:01,831 Starting Script.
INFO 2024-02-25 08:03:01,831 Dates for SOQL update statement ('02/25/2024', '02/24/2024'),('2024-02-25', '2024-02-24')
WARNING 2024-02-25 08:03:04,255 Atribute not in API result.
INFO 2024-02-25 08:03:04,256 Empty DataFrame
Columns: []
Index: []
INFO 2024-02-25 08:03:04,259 Starting changing column names...
INFO 2024-02-25 08:03:04,259 No updated data in user's file.
INFO 2024-02-26 08:03:02,228 Starting Script.
INFO 2024-02-26 08:03:02,228 Dates for SOQL update statement ('02/26/2024', '02/25/2024'),('2024-02-26', '2024-02-25')
WARNING 2024-02-26 08:03:04,454 Atribute not in API result.
INFO 2024-02-26 08:03:04,454 Empty DataFrame
Columns: []
Index: []
INFO 2024-02-26 08:03:04,457 Starting changing column names...
INFO 2024-02-26 08:03:04,458 No updated data in user's file.
INFO 2024-02-27 08:03:02,592 Starting Script.
INFO 2024-02-27 08:03:02,593 Dates for SOQL update statement ('02/27/2024', '02/26/2024'),('2024-02-27', '2024-02-26')
WARNING 2024-02-27 08:03:04,645 Atribute not in API result.
INFO 2024-02-27 08:03:04,645 Empty DataFrame
Columns: []
Index: []
INFO 2024-02-27 08:03:04,649 Starting changing column names...
INFO 2024-02-27 08:03:04,649 No updated data in user's file.
INFO 2024-02-28 08:03:02,282 Starting Script.
INFO 2024-02-28 08:03:02,282 Dates for SOQL update statement ('02/28/2024', '02/27/2024'),('2024-02-28', '2024-02-27')
WARNING 2024-02-28 08:03:09,483 Atribute not in API result.
INFO 2024-02-28 08:03:09,483 Empty DataFrame
Columns: []
Index: []
INFO 2024-02-28 08:03:09,486 Starting changing column names...
INFO 2024-02-28 08:03:09,486 No updated data in user's file.
INFO 2024-02-29 08:03:02,065 Starting Script.
INFO 2024-02-29 08:03:02,066 Dates for SOQL update statement ('02/29/2024', '02/28/2024'),('2024-02-29', '2024-02-28')
WARNING 2024-02-29 08:03:09,634 Atribute not in API result.
INFO 2024-02-29 08:03:09,634 Empty DataFrame
Columns: []
Index: []
INFO 2024-02-29 08:03:09,638 Starting changing column names...
INFO 2024-02-29 08:03:09,639 No updated data in user's file.
INFO 2024-03-01 08:03:02,254 Starting Script.
INFO 2024-03-01 08:03:02,255 Dates for SOQL update statement ('03/01/2024', '02/29/2024'),('2024-03-01', '2024-02-29')
WARNING 2024-03-01 08:03:05,092 Atribute not in API result.
INFO 2024-03-01 08:03:05,092 Empty DataFrame
Columns: []
Index: []
INFO 2024-03-01 08:03:05,095 Starting changing column names...
INFO 2024-03-01 08:03:05,096 No updated data in user's file.
INFO 2024-03-02 08:03:02,672 Starting Script.
INFO 2024-03-02 08:03:02,674 Dates for SOQL update statement ('03/02/2024', '03/01/2024'),('2024-03-02', '2024-03-01')
WARNING 2024-03-02 08:03:10,587 Atribute not in API result.
INFO 2024-03-02 08:03:10,587 Empty DataFrame
Columns: []
Index: []
INFO 2024-03-02 08:03:10,590 Starting changing column names...
INFO 2024-03-02 08:03:10,591 No updated data in user's file.
INFO 2024-03-03 08:03:01,875 Starting Script.
INFO 2024-03-03 08:03:01,876 Dates for SOQL update statement ('03/03/2024', '03/02/2024'),('2024-03-03', '2024-03-02')
WARNING 2024-03-03 08:03:04,689 Atribute not in API result.
INFO 2024-03-03 08:03:04,689 Empty DataFrame
Columns: []
Index: []
INFO 2024-03-03 08:03:04,693 Starting changing column names...
INFO 2024-03-03 08:03:04,694 No updated data in user's file.
INFO 2024-03-04 08:03:02,415 Starting Script.
INFO 2024-03-04 08:03:02,415 Dates for SOQL update statement ('03/04/2024', '03/03/2024'),('2024-03-04', '2024-03-03')
WARNING 2024-03-04 08:03:05,048 Atribute not in API result.
INFO 2024-03-04 08:03:05,048 Empty DataFrame
Columns: []
Index: []
INFO 2024-03-04 08:03:05,051 Starting changing column names...
INFO 2024-03-04 08:03:05,052 No updated data in user's file.
INFO 2024-03-05 08:03:02,441 Starting Script.
INFO 2024-03-05 08:03:02,442 Dates for SOQL update statement ('03/05/2024', '03/04/2024'),('2024-03-05', '2024-03-04')
INFO 2024-03-05 08:03:04,963    IsActive  Alias  ...           ManagerId          UserRoleId
0     False  pclub  ...  00537000000xKeoAAE  00E37000000LfhWEAS
1     False  hbald  ...  00537000000xKeoAAE  00E37000000LfhWEAS
2      True  kasok  ...  00537000004wGaNAAU  00E1G000000xpDgUAI

[3 rows x 23 columns]
INFO 2024-03-05 08:03:04,996 Starting changing column names...
INFO 2024-03-05 08:03:04,997 Done with changing column names...
INFO 2024-03-05 08:03:04,997 Starting date transformations...
INFO 2024-03-05 08:03:05,024 Starting Effective Date and End Date transformations
WARNING 2024-03-05 08:03:05,025 Eff and or End date transformations failed.
WARNING 2024-03-05 08:03:05,025 Can only use .dt accessor with datetimelike values
INFO 2024-03-05 08:03:05,025 Done with date transformations...
INFO 2024-03-05 08:03:05,025 Starting other transformations...
INFO 2024-03-05 08:03:05,026 done with other transformations...
INFO 2024-03-05 08:03:05,027 (3, 27)
INFO 2024-03-05 08:03:05,041 Starting to grab users from SQL Server...
INFO 2024-03-05 08:03:05,308 (468, 27)
INFO 2024-03-05 08:03:05,308 Starting Comparison
INFO 2024-03-05 08:03:05,308 ['0051G000007n7smQAA', '0051G000007lC10QAE', '0056R00000EElIlQAL']
INFO 2024-03-05 08:03:05,309 Is there a difference between two column sets?set()
INFO 2024-03-05 08:03:05,345 NUMBER OF ROWS WITHOUT CHANGES: 0
INFO 2024-03-05 08:03:05,345 AMOUNT OF IDS TO UPDATE: 3
INFO 2024-03-05 08:03:05,346 (3, 27)
INFO 2024-03-05 08:03:05,365 Updated 4 rows.
INFO 2024-03-05 08:03:05,365 Done updating existing users in database
INFO 2024-03-05 08:03:05,365 Adding new and updated records to DB
INFO 2024-03-05 08:03:05,365 ['ACTIVE', 'ALIAS', 'EMAIL', 'LAST_LOGIN_DATE', 'LAST_PASSWORD_CHANGE_DATE', 'LAST_VIEWED_DATE', 'MOBILE_PHONE_NUMBER', 'MONTHLY_POINT_GOAL', 'NAME', 'PAYROLL_NAME', 'PHONE', 'PHOTO', 'PROFILE', 'TITLE', 'FULL_PHOTO', 'USER_ID', 'USER_TYPE', 'USERNAME', 'COMMISSION_ELIGIBLE', 'MANAGER_ID', 'ROLE', 'CREATED_DATE_DT', 'CREATED_DATE_TS', 'LAST_MODIFIED_DATE_DT', 'LAST_MODIFIED_DATE_TS', 'EFFECTIVE_DATE', 'END_DATE']
INFO 2024-03-05 08:03:05,389 Done adding new and updated records to database.
INFO 2024-03-06 08:03:02,318 Starting Script.
INFO 2024-03-06 08:03:02,322 Dates for SOQL update statement ('03/06/2024', '03/05/2024'),('2024-03-06', '2024-03-05')
WARNING 2024-03-06 08:03:05,283 Atribute not in API result.
INFO 2024-03-06 08:03:05,283 Empty DataFrame
Columns: []
Index: []
INFO 2024-03-06 08:03:05,287 Starting changing column names...
INFO 2024-03-06 08:03:05,287 No updated data in user's file.
INFO 2024-03-07 08:03:01,728 Starting Script.
INFO 2024-03-07 08:03:01,729 Dates for SOQL update statement ('03/07/2024', '03/06/2024'),('2024-03-07', '2024-03-06')
INFO 2024-03-07 08:03:04,447    IsActive  Alias  ...           ManagerId          UserRoleId
0      True  amart  ...  0051G000006Nc21QAC  00E6R00000153SxUAI
1      True   AHan  ...  00537000000xKesAAE  00E1G000000xpDvUAI

[2 rows x 23 columns]
INFO 2024-03-07 08:03:04,470 Starting changing column names...
INFO 2024-03-07 08:03:04,471 Done with changing column names...
INFO 2024-03-07 08:03:04,471 Starting date transformations...
INFO 2024-03-07 08:03:04,491 Starting Effective Date and End Date transformations
WARNING 2024-03-07 08:03:04,492 Eff and or End date transformations failed.
WARNING 2024-03-07 08:03:04,492 Can only use .dt accessor with datetimelike values
INFO 2024-03-07 08:03:04,492 Done with date transformations...
INFO 2024-03-07 08:03:04,492 Starting other transformations...
INFO 2024-03-07 08:03:04,493 done with other transformations...
INFO 2024-03-07 08:03:04,494 (2, 27)
INFO 2024-03-07 08:03:04,508 Starting to grab users from SQL Server...
INFO 2024-03-07 08:03:04,634 (471, 27)
INFO 2024-03-07 08:03:04,634 Starting Comparison
INFO 2024-03-07 08:03:04,634 ['005Ut000000OiSvIAK', '00537000002zCuIAAU']
INFO 2024-03-07 08:03:04,634 Is there a difference between two column sets?set()
INFO 2024-03-07 08:03:04,659 NUMBER OF ROWS WITHOUT CHANGES: 0
INFO 2024-03-07 08:03:04,659 AMOUNT OF IDS TO UPDATE: 2
INFO 2024-03-07 08:03:04,660 (2, 27)
INFO 2024-03-07 08:03:04,684 Updated 4 rows.
INFO 2024-03-07 08:03:04,684 Done updating existing users in database
INFO 2024-03-07 08:03:04,684 Adding new and updated records to DB
INFO 2024-03-07 08:03:04,684 ['ACTIVE', 'ALIAS', 'EMAIL', 'LAST_LOGIN_DATE', 'LAST_PASSWORD_CHANGE_DATE', 'LAST_VIEWED_DATE', 'MOBILE_PHONE_NUMBER', 'MONTHLY_POINT_GOAL', 'NAME', 'PAYROLL_NAME', 'PHONE', 'PHOTO', 'PROFILE', 'TITLE', 'FULL_PHOTO', 'USER_ID', 'USER_TYPE', 'USERNAME', 'COMMISSION_ELIGIBLE', 'MANAGER_ID', 'ROLE', 'CREATED_DATE_DT', 'CREATED_DATE_TS', 'LAST_MODIFIED_DATE_DT', 'LAST_MODIFIED_DATE_TS', 'EFFECTIVE_DATE', 'END_DATE']
INFO 2024-03-07 08:03:04,725 Done adding new and updated records to database.
INFO 2024-03-08 08:03:02,576 Starting Script.
INFO 2024-03-08 08:03:02,577 Dates for SOQL update statement ('03/08/2024', '03/07/2024'),('2024-03-08', '2024-03-07')
WARNING 2024-03-08 08:03:05,402 Atribute not in API result.
INFO 2024-03-08 08:03:05,402 Empty DataFrame
Columns: []
Index: []
INFO 2024-03-08 08:03:05,406 Starting changing column names...
INFO 2024-03-08 08:03:05,406 No updated data in user's file.
INFO 2024-03-09 08:03:02,158 Starting Script.
INFO 2024-03-09 08:03:02,159 Dates for SOQL update statement ('03/09/2024', '03/08/2024'),('2024-03-09', '2024-03-08')
INFO 2024-03-09 08:03:04,978    IsActive  Alias  ...           ManagerId          UserRoleId
0      True  tgray  ...  00537000000xKeoAAE  00E1G000000xpDlUAI
1      True  emuro  ...  00537000000xKeoAAE  00E1G000000xpDlUAI

[2 rows x 23 columns]
INFO 2024-03-09 08:03:05,000 Starting changing column names...
INFO 2024-03-09 08:03:05,000 Done with changing column names...
INFO 2024-03-09 08:03:05,000 Starting date transformations...
INFO 2024-03-09 08:03:05,021 Starting Effective Date and End Date transformations
WARNING 2024-03-09 08:03:05,021 Eff and or End date transformations failed.
WARNING 2024-03-09 08:03:05,021 Can only use .dt accessor with datetimelike values
INFO 2024-03-09 08:03:05,021 Done with date transformations...
INFO 2024-03-09 08:03:05,021 Starting other transformations...
INFO 2024-03-09 08:03:05,023 done with other transformations...
INFO 2024-03-09 08:03:05,024 (2, 27)
INFO 2024-03-09 08:03:05,037 Starting to grab users from SQL Server...
INFO 2024-03-09 08:03:05,172 (473, 27)
INFO 2024-03-09 08:03:05,172 Starting Comparison
INFO 2024-03-09 08:03:05,172 ['0056R00000D7vFKQAZ', '0056R00000C1djkQAB']
INFO 2024-03-09 08:03:05,172 Is there a difference between two column sets?set()
INFO 2024-03-09 08:03:05,196 NUMBER OF ROWS WITHOUT CHANGES: 0
INFO 2024-03-09 08:03:05,196 AMOUNT OF IDS TO UPDATE: 2
INFO 2024-03-09 08:03:05,197 (2, 27)
INFO 2024-03-09 08:03:05,214 Updated 2 rows.
INFO 2024-03-09 08:03:05,214 Done updating existing users in database
INFO 2024-03-09 08:03:05,214 Adding new and updated records to DB
INFO 2024-03-09 08:03:05,214 ['ACTIVE', 'ALIAS', 'EMAIL', 'LAST_LOGIN_DATE', 'LAST_PASSWORD_CHANGE_DATE', 'LAST_VIEWED_DATE', 'MOBILE_PHONE_NUMBER', 'MONTHLY_POINT_GOAL', 'NAME', 'PAYROLL_NAME', 'PHONE', 'PHOTO', 'PROFILE', 'TITLE', 'FULL_PHOTO', 'USER_ID', 'USER_TYPE', 'USERNAME', 'COMMISSION_ELIGIBLE', 'MANAGER_ID', 'ROLE', 'CREATED_DATE_DT', 'CREATED_DATE_TS', 'LAST_MODIFIED_DATE_DT', 'LAST_MODIFIED_DATE_TS', 'EFFECTIVE_DATE', 'END_DATE']
INFO 2024-03-09 08:03:05,258 Done adding new and updated records to database.
INFO 2024-03-10 08:03:01,793 Starting Script.
INFO 2024-03-10 08:03:01,794 Dates for SOQL update statement ('03/10/2024', '03/09/2024'),('2024-03-10', '2024-03-09')
WARNING 2024-03-10 08:03:04,736 Atribute not in API result.
INFO 2024-03-10 08:03:04,736 Empty DataFrame
Columns: []
Index: []
INFO 2024-03-10 08:03:04,739 Starting changing column names...
INFO 2024-03-10 08:03:04,740 No updated data in user's file.
INFO 2024-03-11 08:03:02,314 Starting Script.
INFO 2024-03-11 08:03:02,314 Dates for SOQL update statement ('03/11/2024', '03/10/2024'),('2024-03-11', '2024-03-10')
WARNING 2024-03-11 08:03:05,085 Atribute not in API result.
INFO 2024-03-11 08:03:05,085 Empty DataFrame
Columns: []
Index: []
INFO 2024-03-11 08:03:05,088 Starting changing column names...
INFO 2024-03-11 08:03:05,089 No updated data in user's file.
INFO 2024-03-12 08:03:01,870 Starting Script.
INFO 2024-03-12 08:03:01,871 Dates for SOQL update statement ('03/12/2024', '03/11/2024'),('2024-03-12', '2024-03-11')
WARNING 2024-03-12 08:03:09,909 Atribute not in API result.
INFO 2024-03-12 08:03:09,909 Empty DataFrame
Columns: []
Index: []
INFO 2024-03-12 08:03:09,912 Starting changing column names...
INFO 2024-03-12 08:03:09,913 No updated data in user's file.
INFO 2024-03-13 07:03:02,524 Starting Script.
INFO 2024-03-13 07:03:02,525 Dates for SOQL update statement ('03/13/2024', '03/12/2024'),('2024-03-13', '2024-03-12')
INFO 2024-03-13 07:03:04,867    IsActive  Alias  ...  ManagerId          UserRoleId
0      True  sproc  ...       None  00E1G000000xpDgUAI

[1 rows x 23 columns]
INFO 2024-03-13 07:03:04,889 Starting changing column names...
INFO 2024-03-13 07:03:04,890 Done with changing column names...
INFO 2024-03-13 07:03:04,890 Starting date transformations...
INFO 2024-03-13 07:03:04,910 Starting Effective Date and End Date transformations
WARNING 2024-03-13 07:03:04,911 Eff and or End date transformations failed.
WARNING 2024-03-13 07:03:04,911 Can only use .dt accessor with datetimelike values
INFO 2024-03-13 07:03:04,911 Done with date transformations...
INFO 2024-03-13 07:03:04,911 Starting other transformations...
INFO 2024-03-13 07:03:04,912 done with other transformations...
INFO 2024-03-13 07:03:04,913 (1, 27)
INFO 2024-03-13 07:03:04,927 Starting to grab users from SQL Server...
INFO 2024-03-13 07:03:05,047 (475, 27)
INFO 2024-03-13 07:03:05,047 Starting Comparison
INFO 2024-03-13 07:03:05,047 ['0056R00000E2rvQQAR']
INFO 2024-03-13 07:03:05,048 Is there a difference between two column sets?set()
INFO 2024-03-13 07:03:05,060 NUMBER OF ROWS WITHOUT CHANGES: 0
INFO 2024-03-13 07:03:05,060 AMOUNT OF IDS TO UPDATE: 1
INFO 2024-03-13 07:03:05,061 (1, 27)
INFO 2024-03-13 07:03:05,083 Updated 4 rows.
INFO 2024-03-13 07:03:05,083 Done updating existing users in database
INFO 2024-03-13 07:03:05,083 Adding new and updated records to DB
INFO 2024-03-13 07:03:05,083 ['ACTIVE', 'ALIAS', 'EMAIL', 'LAST_LOGIN_DATE', 'LAST_PASSWORD_CHANGE_DATE', 'LAST_VIEWED_DATE', 'MOBILE_PHONE_NUMBER', 'MONTHLY_POINT_GOAL', 'NAME', 'PAYROLL_NAME', 'PHONE', 'PHOTO', 'PROFILE', 'TITLE', 'FULL_PHOTO', 'USER_ID', 'USER_TYPE', 'USERNAME', 'COMMISSION_ELIGIBLE', 'MANAGER_ID', 'ROLE', 'CREATED_DATE_DT', 'CREATED_DATE_TS', 'LAST_MODIFIED_DATE_DT', 'LAST_MODIFIED_DATE_TS', 'EFFECTIVE_DATE', 'END_DATE']
INFO 2024-03-13 07:03:05,110 Done adding new and updated records to database.
